\BOOKMARK [0][-]{chapter*.1}{The Organizing Committee}{}% 1
\BOOKMARK [0][-]{chapter*.2}{Program at glance}{}% 2
\BOOKMARK [0][-]{chapter*.3}{Full Program}{}% 3
\BOOKMARK [0][-]{chapter*.4}{Welcome to eRum 2016}{}% 4
\BOOKMARK [0][-]{chapter.1}{Invited Talks}{}% 5
\BOOKMARK [1][-]{section*.6}{Addressing the Gender Gap in the R Project}{chapter.1}% 6
\BOOKMARK [1][-]{Item.1}{Heteroscedastic Discriminant Analysis and its integration into `mlR' package for uniform machine learning}{chapter.1}% 7
\BOOKMARK [1][-]{Item.2}{A survey of tools for Bayesian data analysis in R}{chapter.1}% 8
\BOOKMARK [1][-]{Item.3}{Browse Till You Die: Scalable Hierarchical Bayesian Modeling of cookie deletion}{chapter.1}% 9
\BOOKMARK [1][-]{Item.4}{Design of Experiments in R}{chapter.1}% 10
\BOOKMARK [1][-]{Item.5}{How to use R to hack the publicly available data about skills of 2M+ worldwide students?}{chapter.1}% 11
\BOOKMARK [1][-]{Item.6}{R and C++}{chapter.1}% 12
\BOOKMARK [1][-]{Item.6}{Genie: A new, fast, and outlier-resistant hierarchical clustering algorithm and its R interface}{chapter.1}% 13
\BOOKMARK [1][-]{Item.7}{Simulation of complex synthetic data with the R package simPop}{chapter.1}% 14
\BOOKMARK [1][-]{Item.8}{Geo-located point data: measurement of agglomeration and concentration}{chapter.1}% 15
\BOOKMARK [0][-]{chapter.2}{Business 1}{}% 16
\BOOKMARK [1][-]{section*.7}{Turning R into production \205 make your models reality}{chapter.2}% 17
\BOOKMARK [1][-]{Item.10}{Bringing R to Enterprise}{chapter.2}% 18
\BOOKMARK [1][-]{Item.11}{Data science outside the box: Developing a generic scoring algorithm for customer acquisition}{chapter.2}% 19
\BOOKMARK [1][-]{Item.12}{Embedding R in business processes}{chapter.2}% 20
\BOOKMARK [0][-]{chapter.3}{Business 2}{}% 21
\BOOKMARK [1][-]{section*.8}{Enterprise R Platform \205 the what, the why and the how}{chapter.3}% 22
\BOOKMARK [1][-]{Item.14}{R in the Mittelstand: Bringing Data Science to small and mid-size companies}{chapter.3}% 23
\BOOKMARK [1][-]{Item.15}{R tools and tricks for marketing inference in a big internet company}{chapter.3}% 24
\BOOKMARK [1][-]{Item.16}{Using Google Analytics with R}{chapter.3}% 25
\BOOKMARK [1][-]{Item.17}{Using R for backtesting algorithmic trading strategies on high-frequency data}{chapter.3}% 26
\BOOKMARK [0][-]{chapter.4}{Data Workflow 1}{}% 27
\BOOKMARK [1][-]{section*.9}{Dynamic Inflation Rate Calculation of Fast-Moving Consumer Goods: Shiny-SparkR App}{chapter.4}% 28
\BOOKMARK [1][-]{Item.19}{Introduction to RDruid}{chapter.4}% 29
\BOOKMARK [1][-]{Item.20}{Modules in R}{chapter.4}% 30
\BOOKMARK [1][-]{Item.21}{Search phrases in e-commerce platform allegro.pl - big data analysis using SparkR}{chapter.4}% 31
\BOOKMARK [1][-]{Item.24}{The full process of creating an R application in recommendation systems: from Dockerfile to Zabbix monitoring}{chapter.4}% 32
\BOOKMARK [0][-]{chapter.5}{Data Workflow 2}{}% 33
\BOOKMARK [1][-]{section*.10}{Power of Java's RSession and rKafka in the data science team collaboration}{chapter.5}% 34
\BOOKMARK [1][-]{Item.26}{R Shiny for Real-time Analytics and Insight Delivery \205 A Solution for Complex Data in Agriculture}{chapter.5}% 35
\BOOKMARK [1][-]{Item.27}{Seamless external R server integration with Excel with step-by-step debugging of the R code}{chapter.5}% 36
\BOOKMARK [1][-]{Item.28}{Workflow around modelling in Data Science / R}{chapter.5}% 37
\BOOKMARK [0][-]{chapter.6}{Methodology 1}{}% 38
\BOOKMARK [1][-]{section*.11}{Predicting machine failures}{chapter.6}% 39
\BOOKMARK [1][-]{Item.30}{Ensemble learning - idea and applications}{chapter.6}% 40
\BOOKMARK [1][-]{Item.31}{Ensemble learning - implementation with mlr}{chapter.6}% 41
\BOOKMARK [0][-]{chapter.7}{Methodology 2}{}% 42
\BOOKMARK [1][-]{section*.12}{Unattended SVM parameters fitting for monitoring nonlinear profiles}{chapter.7}% 43
\BOOKMARK [1][-]{Item.35}{SimonsSVM: A Fast and Scalable Support Vector Machine Implementation for R}{chapter.7}% 44
\BOOKMARK [1][-]{Item.39}{Multivariate analysis of variance for functional data using R}{chapter.7}% 45
\BOOKMARK [1][-]{Item.40}{Text Mining in R}{chapter.7}% 46
\BOOKMARK [0][-]{chapter.8}{Packages 1}{}% 47
\BOOKMARK [1][-]{section*.13}{Reconciling forecasts: the hts package}{chapter.8}% 48
\BOOKMARK [1][-]{Item.42}{stplanr: an R package for transport planning}{chapter.8}% 49
\BOOKMARK [1][-]{Item.43}{brms: An R Package for Bayesian Multilevel Models using Stan}{chapter.8}% 50
\BOOKMARK [1][-]{Item.44}{influence.SEM 2.0: An R Package for Sensitivity Analysis in Structural Equation Models}{chapter.8}% 51
\BOOKMARK [0][-]{chapter.9}{Packages 2}{}% 52
\BOOKMARK [1][-]{section*.14}{EnvCpt: An R package for changepoint identification in environmental data}{chapter.9}% 53
\BOOKMARK [1][-]{Item.47}{archivist 2.0: News from Managing Data Analysis Results Toolkit}{chapter.9}% 54
\BOOKMARK [1][-]{Item.48}{Discrete Choice Models in R}{chapter.9}% 55
\BOOKMARK [1][-]{Item.49}{LimeRick: Bridge between LimeSurvey and R}{chapter.9}% 56
\BOOKMARK [0][-]{chapter.10}{BioR}{}% 57
\BOOKMARK [1][-]{section*.15}{Are we ready for Personalized Medicine?}{chapter.10}% 58
\BOOKMARK [1][-]{Item.51}{N-gram analysis of biological sequences in R}{chapter.10}% 59
\BOOKMARK [1][-]{Item.54}{R as an Environment for the Reproducible Analysis of DNA Amplification Experiments}{chapter.10}% 60
\BOOKMARK [1][-]{Item.56}{Big data genomics data warehouses analyses with R}{chapter.10}% 61
\BOOKMARK [1][-]{Item.58}{Using SparkR with distributed database in Parquet - a genomic example}{chapter.10}% 62
\BOOKMARK [0][-]{chapter.11}{Methodology 3}{}% 63
\BOOKMARK [1][-]{section*.16}{Classic and network based cluster analysis: together we're better}{chapter.11}% 64
\BOOKMARK [1][-]{Item.60}{Is forest a pharmacy? - problems with data analyses}{chapter.11}% 65
\BOOKMARK [1][-]{Item.62}{k Prototypes Clustering of Mixed Type Data}{chapter.11}% 66
\BOOKMARK [0][-]{chapter.12}{Education Learning}{}% 67
\BOOKMARK [1][-]{section*.17}{Revolutionize how you teach and blog: add interactivity}{chapter.12}% 68
\BOOKMARK [1][-]{Item.64}{Aargh I have to teach R \(Experiences in the teaching of R\)}{chapter.12}% 69
\BOOKMARK [1][-]{Item.65}{Using R for artistic purposes}{chapter.12}% 70
\BOOKMARK [1][-]{Item.66}{Polish Diet Commissions - Text Analyzing}{chapter.12}% 71
\BOOKMARK [0][-]{chapter.13}{Lightning Talks}{}% 72
\BOOKMARK [1][-]{section*.18}{R as a tool for graphical diagnostics in population pharmacokinetic modeling}{chapter.13}% 73
\BOOKMARK [1][-]{Item.68}{Machine learning modeling of phenological phases in Poland}{chapter.13}% 74
\BOOKMARK [1][-]{Item.74}{Latent Class Analysis in Psychology}{chapter.13}% 75
\BOOKMARK [1][-]{Item.75}{Exploratory data analysis of a clinical study group - revealing patient subgroups.}{chapter.13}% 76
\BOOKMARK [1][-]{Item.82}{Multidimensional Clustering of Web Analytics Data}{chapter.13}% 77
\BOOKMARK [1][-]{Item.83}{Turning Text Mining into Language Mining: Corpus Linguistics in R}{chapter.13}% 78
\BOOKMARK [1][-]{Item.84}{Structural bioinformatician's notebooks with pdbeeR and knitr}{chapter.13}% 79
\BOOKMARK [1][-]{Item.85}{Using R to incorporate data science into the undergraduate statistics curriculum}{chapter.13}% 80
\BOOKMARK [1][-]{Item.86}{Analysing the statistical effects of manipulated data}{chapter.13}% 81
\BOOKMARK [1][-]{Item.87}{Cryptography in R}{chapter.13}% 82
\BOOKMARK [1][-]{Item.88}{Visualizing changes in demographics with R}{chapter.13}% 83
\BOOKMARK [1][-]{Item.89}{R for pharmacokineticists - smulation of steady-state concentrations of amiodarone in heart compartmental model as an example.}{chapter.13}% 84
\BOOKMARK [0][-]{chapter.14}{Poster Session}{}% 85
\BOOKMARK [1][-]{section*.19}{What are sampling errors in the vegetation studies using visual estimation of presence and cover of plants? R can help}{chapter.14}% 86
\BOOKMARK [1][-]{Item.92}{RNA-seq transcriptional profiling of PPD-b-stimulated peripheral blood from cattle infected with Mycobacterium bovis}{chapter.14}% 87
\BOOKMARK [1][-]{Item.97}{Pharmacokinetics-driven modeling of metabolomics data}{chapter.14}% 88
\BOOKMARK [1][-]{Item.98}{R as a tool for geospatial modeling in large dataset - example of dasymetric modeling at a continental scale \(United States\)}{chapter.14}% 89
\BOOKMARK [1][-]{Item.106}{Application of Artificial Neural Network to Planar Chromatography Data}{chapter.14}% 90
\BOOKMARK [1][-]{Item.107}{cgmisc: enhanced genome-wide association analyses and visualization}{chapter.14}% 91
\BOOKMARK [1][-]{Item.110}{Penalized regression inference regarding variable selection in regular and high dimensions: comparison of selected methods implemented in R}{chapter.14}% 92
\BOOKMARK [1][-]{Item.111}{Wrestling with big data in forestry: use of R in Scots pine site index analysis.}{chapter.14}% 93
\BOOKMARK [1][-]{Item.113}{An R implementation of Kauffman's NK model}{chapter.14}% 94
\BOOKMARK [1][-]{Item.114}{R as an effective data mining tool in chemistry}{chapter.14}% 95
\BOOKMARK [1][-]{Item.115}{Applying genetic algorithms to calibrate a processing chain for a Landsat-based time series analysis of disturbance - regrowth dynamics in tropical forests}{chapter.14}% 96
\BOOKMARK [1][-]{Item.116}{Modelling the distrubution of the bryophytes in different spatial scales}{chapter.14}% 97
\BOOKMARK [1][-]{Item.119}{Mortality mapping using R}{chapter.14}% 98
\BOOKMARK [0][-]{section*.20}{Authors}{}% 99
\BOOKMARK [0][-]{section*.22}{Packages}{}% 100
